[2025-09-16 19:51:59] [SUCCESS] Cleanup completed
[2025-09-16 19:51:59] [INFO] Project type detected: nodejs
[2025-09-16 19:51:59] [STEP] Checking Git repository status...
[2025-09-16 19:51:59] [WARNING] Uncommitted changes detected
[2025-09-16 19:51:59] [INFO] Current branch: feature/tou-1-github-icon-trust
[2025-09-16 19:51:59] [STEP] Checking project dependencies...
[2025-09-16 19:52:00] [SUCCESS] Node.js v22.17.1 and npm 11.6.0 found
[2025-09-16 19:52:00] [STEP] Checking required services...
[2025-09-16 19:52:00] [INFO] No external services detected
[2025-09-16 19:52:00] [STEP] Installing/updating dependencies...
[2025-09-16 19:52:00] [INFO] Installing Node.js dependencies...
[2025-09-16 19:52:00] [STEP] Running quick npm security check...
[2025-09-16 19:52:00] [INFO] Security audit running in background (check with 'npm audit')
[2025-09-16 19:52:01] [STEP] Running quick npm security check...
[2025-09-16 19:52:01] [INFO] Security audit running in background (check with 'npm audit')
[2025-09-16 19:52:01] [SUCCESS] Dependencies installed
[2025-09-16 19:52:01] [STEP] Starting development environment...
[2025-09-16 19:52:01] [WARNING] Development ports already in use: 5000
[2025-09-16 19:52:01] [INFO] Project: touchbarfix (nodejs)
[2025-09-16 19:52:01] [INFO] Branch: feature/tou-1-github-icon-trust
[2025-09-16 19:52:01] [SUCCESS] Development session initialized successfully
